[27/Feb/2025 23:07:05] INFO [src.pipelines.training_pipelines.run:83] Starting training pipeline
[27/Feb/2025 23:07:05] INFO [src.pipelines.training_pipelines.split_train_val:38] Splitting data into train and validation sets
[27/Feb/2025 23:07:05] INFO [src.pipelines.training_pipelines.split_train_val:41] Completed data split
[27/Feb/2025 23:07:05] INFO [src.pipelines.training_pipelines.preprocess_data:44] Starting data preprocessing
[27/Feb/2025 23:07:05] INFO [src.preprocessing.preprocessing.preprocess:190] Starting data preprocessing
[27/Feb/2025 23:07:05] INFO [src.preprocessing.preprocessing.preprocess:191] Initial number of features: 20
[27/Feb/2025 23:07:05] INFO [src.preprocessing.preprocessing.create_individual_features:105] Creating individual numerical features
[27/Feb/2025 23:07:05] INFO [src.preprocessing.preprocessing.create_individual_features:109] Creating log feature
[27/Feb/2025 23:07:05] INFO [src.preprocessing.preprocessing.create_individual_features:109] Creating log10 feature
[27/Feb/2025 23:07:05] INFO [src.preprocessing.preprocessing.create_individual_features:109] Creating sqrt feature
[27/Feb/2025 23:07:05] INFO [src.preprocessing.preprocessing.create_individual_features:109] Creating square feature
[27/Feb/2025 23:07:05] INFO [src.preprocessing.preprocessing.create_individual_features:109] Creating arcsin feature
[27/Feb/2025 23:07:05] INFO [src.preprocessing.preprocessing.create_individual_features:109] Creating arccos feature
[27/Feb/2025 23:07:05] INFO [src.preprocessing.preprocessing.create_individual_features:109] Creating arctan feature
[27/Feb/2025 23:07:05] INFO [src.preprocessing.preprocessing.create_individual_features:109] Creating sin feature
[27/Feb/2025 23:07:05] INFO [src.preprocessing.preprocessing.create_individual_features:109] Creating cos feature
[27/Feb/2025 23:07:05] INFO [src.preprocessing.preprocessing.create_individual_features:109] Creating tan feature
[27/Feb/2025 23:07:05] INFO [src.preprocessing.preprocessing.create_individual_features:109] Creating sinc feature
[27/Feb/2025 23:07:05] INFO [src.preprocessing.preprocessing.create_individual_features:116] Completed creating individual numerical features
[27/Feb/2025 23:07:05] INFO [src.preprocessing.preprocessing.create_individual_features:117] New number of features: 240
[27/Feb/2025 23:07:05] INFO [src.preprocessing.preprocessing.feature_selection:160] Selecting features
[27/Feb/2025 23:07:05] INFO [src.preprocessing.preprocessing.feature_selection:169] Completed selecting features
[27/Feb/2025 23:07:05] INFO [src.preprocessing.preprocessing.feature_selection:170] New number of features: 240
[27/Feb/2025 23:07:05] INFO [src.preprocessing.preprocessing.export_artifacts:179] Exporting artifacts
[27/Feb/2025 23:07:05] INFO [src.preprocessing.preprocessing.export_artifacts:181] Completed exporting artifacts
[27/Feb/2025 23:07:05] INFO [src.preprocessing.preprocessing.preprocess:207] Completed data preprocessing
[27/Feb/2025 23:07:05] INFO [src.preprocessing.preprocessing.preprocess:208] Final number of features: 240
[27/Feb/2025 23:07:05] INFO [src.preprocessing.preprocessing.preprocess:190] Starting data preprocessing
[27/Feb/2025 23:07:05] INFO [src.preprocessing.preprocessing.preprocess:191] Initial number of features: 20
[27/Feb/2025 23:07:05] INFO [src.preprocessing.preprocessing.create_individual_features:105] Creating individual numerical features
[27/Feb/2025 23:07:05] INFO [src.preprocessing.preprocessing.create_individual_features:109] Creating log feature
[27/Feb/2025 23:07:05] INFO [src.preprocessing.preprocessing.create_individual_features:109] Creating log10 feature
[27/Feb/2025 23:07:05] INFO [src.preprocessing.preprocessing.create_individual_features:109] Creating sqrt feature
[27/Feb/2025 23:07:05] INFO [src.preprocessing.preprocessing.create_individual_features:109] Creating square feature
[27/Feb/2025 23:07:05] INFO [src.preprocessing.preprocessing.create_individual_features:109] Creating arcsin feature
[27/Feb/2025 23:07:05] INFO [src.preprocessing.preprocessing.create_individual_features:109] Creating arccos feature
[27/Feb/2025 23:07:05] INFO [src.preprocessing.preprocessing.create_individual_features:109] Creating arctan feature
[27/Feb/2025 23:07:05] INFO [src.preprocessing.preprocessing.create_individual_features:109] Creating sin feature
[27/Feb/2025 23:07:05] INFO [src.preprocessing.preprocessing.create_individual_features:109] Creating cos feature
[27/Feb/2025 23:07:05] INFO [src.preprocessing.preprocessing.create_individual_features:109] Creating tan feature
[27/Feb/2025 23:07:05] INFO [src.preprocessing.preprocessing.create_individual_features:109] Creating sinc feature
[27/Feb/2025 23:07:05] INFO [src.preprocessing.preprocessing.create_individual_features:116] Completed creating individual numerical features
[27/Feb/2025 23:07:05] INFO [src.preprocessing.preprocessing.create_individual_features:117] New number of features: 240
[27/Feb/2025 23:07:05] INFO [src.preprocessing.preprocessing.feature_selection:160] Selecting features
[27/Feb/2025 23:07:05] INFO [src.preprocessing.preprocessing.feature_selection:169] Completed selecting features
[27/Feb/2025 23:07:05] INFO [src.preprocessing.preprocessing.feature_selection:170] New number of features: 240
[27/Feb/2025 23:07:05] INFO [src.preprocessing.preprocessing.preprocess:207] Completed data preprocessing
[27/Feb/2025 23:07:05] INFO [src.preprocessing.preprocessing.preprocess:208] Final number of features: 240
[27/Feb/2025 23:07:05] INFO [src.pipelines.training_pipelines.preprocess_data:68] Completed data preprocessing
[27/Feb/2025 23:07:05] INFO [src.pipelines.training_pipelines.train_models:71] Starting model training
[27/Feb/2025 23:07:05] INFO [src.train.training.train_multiple_models:70] Training models
[27/Feb/2025 23:07:05] INFO [src.train.training.fit_model:30] Fitting model xgboost
[27/Feb/2025 23:07:06] INFO [src.train.training.fit_model:46] Model xgboost fitted
[27/Feb/2025 23:07:06] INFO [src.train.training.fit_model:47] Model metrics: {'model': 'xgboost', 'dataset': 'validation', 'mae': 1.928183566149967, 'mse': 6.157672760977183, 'rmse': 2.481465849246607, 'mape': 0.18740285441839716, 'r2': 0.7358955375048315}
[27/Feb/2025 23:07:06] INFO [src.train.training.fit_model:30] Fitting model lightgbm
[27/Feb/2025 23:07:06] INFO [src.train.training.fit_model:46] Model lightgbm fitted
[27/Feb/2025 23:07:06] INFO [src.train.training.fit_model:47] Model metrics: {'model': 'lightgbm', 'dataset': 'validation', 'mae': 1.6083502742799403, 'mse': 4.0466031041405035, 'rmse': 2.0116170371471065, 'mape': 0.1491943869952967, 'r2': 0.8264399588553796}
[27/Feb/2025 23:07:06] INFO [src.train.training.fit_model:30] Fitting model random_forest
[27/Feb/2025 23:07:11] INFO [src.train.training.fit_model:46] Model random_forest fitted
[27/Feb/2025 23:07:11] INFO [src.train.training.fit_model:47] Model metrics: {'model': 'random_forest', 'dataset': 'validation', 'mae': 2.0399264898325535, 'mse': 6.249956371755748, 'rmse': 2.499991274335922, 'mape': 0.18694175842287436, 'r2': 0.7319374652967334}
[27/Feb/2025 23:07:11] INFO [src.train.training.fit_model:30] Fitting model linear_regression
[27/Feb/2025 23:07:11] INFO [src.train.training.fit_model:46] Model linear_regression fitted
[27/Feb/2025 23:07:11] INFO [src.train.training.fit_model:47] Model metrics: {'model': 'linear_regression', 'dataset': 'validation', 'mae': 1.8659662332377032, 'mse': 8.00830046433288, 'rmse': 2.8298940729880475, 'mape': 0.16481677270479372, 'r2': 0.6565215509606259}
[27/Feb/2025 23:07:11] INFO [src.train.training.fit_model:30] Fitting model ridge
[27/Feb/2025 23:07:11] INFO [src.train.training.fit_model:46] Model ridge fitted
[27/Feb/2025 23:07:11] INFO [src.train.training.fit_model:47] Model metrics: {'model': 'ridge', 'dataset': 'validation', 'mae': 1.7053552008947217, 'mse': 6.34502385087344, 'rmse': 2.5189330778870325, 'mape': 0.1582619602934708, 'r2': 0.727859992126632}
[27/Feb/2025 23:07:11] INFO [src.train.training.fit_model:30] Fitting model lasso
[27/Feb/2025 23:07:11] INFO [src.train.training.fit_model:46] Model lasso fitted
[27/Feb/2025 23:07:11] INFO [src.train.training.fit_model:47] Model metrics: {'model': 'lasso', 'dataset': 'validation', 'mae': 1.6433496402758585, 'mse': 5.085154424181168, 'rmse': 2.255028696975089, 'mape': 0.15440924299806413, 'r2': 0.7818961760335299}
[27/Feb/2025 23:07:11] INFO [src.train.training.train_multiple_models:83] Completed model training
[27/Feb/2025 23:07:11] INFO [src.pipelines.training_pipelines.train_models:80] Completed model training
[27/Feb/2025 23:07:11] INFO [src.pipelines.training_pipelines.run:87] Completed training pipeline
